[0m[[0m[0mdebug[0m] [0m[0m> Exec(run, None, None)[0m
[0m[[0m[0mdebug[0m] [0m[0mEvaluating tasks: Compile / run[0m
[0m[[0m[0mdebug[0m] [0m[0mRunning task... Cancel: Signal, check cycles: false, forcegc: true[0m
[0m[[0m[31merror[0m] [0m[0mcom.fasterxml.jackson.databind.JsonMappingException: Scala module 2.11.4 requires Jackson Databind version >= 2.11.0 and < 2.12.0[0m
[0m[[0m[31merror[0m] [0m[0m	at com.fasterxml.jackson.module.scala.JacksonModule.setupModule(JacksonModule.scala:61)[0m
[0m[[0m[31merror[0m] [0m[0m	at com.fasterxml.jackson.module.scala.JacksonModule.setupModule$(JacksonModule.scala:46)[0m
[0m[[0m[31merror[0m] [0m[0m	at com.fasterxml.jackson.module.scala.DefaultScalaModule.setupModule(DefaultScalaModule.scala:17)[0m
[0m[[0m[31merror[0m] [0m[0m	at com.fasterxml.jackson.databind.ObjectMapper.registerModule(ObjectMapper.java:835)[0m
[0m[[0m[31merror[0m] [0m[0m	at akka.serialization.jackson.JacksonObjectMapperProvider$.$anonfun$configureObjectMapperModules$4(JacksonObjectMapperProvider.scala:242)[0m
[0m[[0m[31merror[0m] [0m[0m	at akka.serialization.jackson.JacksonObjectMapperProvider$.$anonfun$configureObjectMapperModules$4$adapted(JacksonObjectMapperProvider.scala:241)[0m
[0m[[0m[31merror[0m] [0m[0m	at scala.collection.immutable.List.foreach(List.scala:333)[0m
[0m[[0m[31merror[0m] [0m[0m	at akka.serialization.jackson.JacksonObjectMapperProvider$.configureObjectMapperModules(JacksonObjectMapperProvider.scala:241)[0m
[0m[[0m[31merror[0m] [0m[0m	at akka.serialization.jackson.JacksonObjectMapperProvider$.createObjectMapper(JacksonObjectMapperProvider.scala:265)[0m
[0m[[0m[31merror[0m] [0m[0m	at akka.serialization.jackson.JacksonObjectMapperProvider.create(JacksonObjectMapperProvider.scala:359)[0m
[0m[[0m[31merror[0m] [0m[0m	at akka.serialization.jackson.JacksonObjectMapperProvider.$anonfun$getOrCreate$1(JacksonObjectMapperProvider.scala:317)[0m
[0m[[0m[31merror[0m] [0m[0m	at java.util.concurrent.ConcurrentHashMap.computeIfAbsent(ConcurrentHashMap.java:1660)[0m
[0m[[0m[31merror[0m] [0m[0m	at akka.serialization.jackson.JacksonObjectMapperProvider.getOrCreate(JacksonObjectMapperProvider.scala:317)[0m
[0m[[0m[31merror[0m] [0m[0m	at akka.serialization.jackson.JacksonJsonSerializer.<init>(JacksonSerializer.scala:141)[0m
[0m[[0m[31merror[0m] [0m[0m	at sun.reflect.NativeConstructorAccessorImpl.newInstance0(Native Method)[0m
[0m[[0m[31merror[0m] [0m[0m	at sun.reflect.NativeConstructorAccessorImpl.newInstance(NativeConstructorAccessorImpl.java:62)[0m
[0m[[0m[31merror[0m] [0m[0m	at sun.reflect.DelegatingConstructorAccessorImpl.newInstance(DelegatingConstructorAccessorImpl.java:45)[0m
[0m[[0m[31merror[0m] [0m[0m	at java.lang.reflect.Constructor.newInstance(Constructor.java:423)[0m
[0m[[0m[31merror[0m] [0m[0m	at akka.actor.ReflectiveDynamicAccess.$anonfun$createInstanceFor$1(ReflectiveDynamicAccess.scala:40)[0m
[0m[[0m[31merror[0m] [0m[0m	at scala.util.Try$.apply(Try.scala:210)[0m
[0m[[0m[31merror[0m] [0m[0m	at akka.actor.ReflectiveDynamicAccess.createInstanceFor(ReflectiveDynamicAccess.scala:35)[0m
[0m[[0m[31merror[0m] [0m[0m	at akka.actor.ReflectiveDynamicAccess.$anonfun$createInstanceFor$5(ReflectiveDynamicAccess.scala:48)[0m
[0m[[0m[31merror[0m] [0m[0m	at scala.util.Success.flatMap(Try.scala:258)[0m
[0m[[0m[31merror[0m] [0m[0m	at akka.actor.ReflectiveDynamicAccess.createInstanceFor(ReflectiveDynamicAccess.scala:47)[0m
[0m[[0m[31merror[0m] [0m[0m	at akka.serialization.Serialization$$anonfun$serializerOf$1$$anonfun$applyOrElse$1.applyOrElse(Serialization.scala:396)[0m
[0m[[0m[31merror[0m] [0m[0m	at akka.serialization.Serialization$$anonfun$serializerOf$1$$anonfun$applyOrElse$1.applyOrElse(Serialization.scala:392)[0m
[0m[[0m[31merror[0m] [0m[0m	at scala.util.Failure.recoverWith(Try.scala:240)[0m
[0m[[0m[31merror[0m] [0m[0m	at akka.serialization.Serialization$$anonfun$serializerOf$1.applyOrElse(Serialization.scala:392)[0m
[0m[[0m[31merror[0m] [0m[0m	at akka.serialization.Serialization$$anonfun$serializerOf$1.applyOrElse(Serialization.scala:390)[0m
[0m[[0m[31merror[0m] [0m[0m	at scala.util.Failure.recoverWith(Try.scala:240)[0m
[0m[[0m[31merror[0m] [0m[0m	at akka.serialization.Serialization.serializerOf(Serialization.scala:390)[0m
[0m[[0m[31merror[0m] [0m[0m	at akka.serialization.Serialization.$anonfun$serializers$2(Serialization.scala:424)[0m
[0m[[0m[31merror[0m] [0m[0m	at scala.collection.Iterator$$anon$9.next(Iterator.scala:584)[0m
[0m[[0m[31merror[0m] [0m[0m	at scala.collection.immutable.HashMapBuilder.addAll(HashMap.scala:2407)[0m
[0m[[0m[31merror[0m] [0m[0m	at scala.collection.immutable.HashMap$.from(HashMap.scala:2221)[0m
[0m[[0m[31merror[0m] [0m[0m	at scala.collection.immutable.HashMap$.from(HashMap.scala:2197)[0m
[0m[[0m[31merror[0m] [0m[0m	at scala.collection.MapOps$WithFilter.map(Map.scala:381)[0m
[0m[[0m[31merror[0m] [0m[0m	at akka.serialization.Serialization.<init>(Serialization.scala:424)[0m
[0m[[0m[31merror[0m] [0m[0m	at akka.serialization.SerializationExtension$.createExtension(SerializationExtension.scala:18)[0m
[0m[[0m[31merror[0m] [0m[0m	at akka.serialization.SerializationExtension$.createExtension(SerializationExtension.scala:14)[0m
[0m[[0m[31merror[0m] [0m[0m	at akka.actor.ActorSystemImpl.registerExtension(ActorSystem.scala:1165)[0m
[0m[[0m[31merror[0m] [0m[0m	at akka.actor.ActorSystemImpl.$anonfun$loadExtensions$1(ActorSystem.scala:1208)[0m
[0m[[0m[31merror[0m] [0m[0m	at scala.collection.immutable.Vector.foreach(Vector.scala:2122)[0m
[0m[[0m[31merror[0m] [0m[0m	at akka.actor.ActorSystemImpl.loadExtensions$1(ActorSystem.scala:1202)[0m
[0m[[0m[31merror[0m] [0m[0m	at akka.actor.ActorSystemImpl.loadExtensions(ActorSystem.scala:1221)[0m
[0m[[0m[31merror[0m] [0m[0m	at akka.actor.ActorSystemImpl.liftedTree2$1(ActorSystem.scala:1042)[0m
[0m[[0m[31merror[0m] [0m[0m	at akka.actor.ActorSystemImpl._start$lzycompute(ActorSystem.scala:1029)[0m
[0m[[0m[31merror[0m] [0m[0m	at akka.actor.ActorSystemImpl._start(ActorSystem.scala:1029)[0m
[0m[[0m[31merror[0m] [0m[0m	at akka.actor.ActorSystemImpl.start(ActorSystem.scala:1052)[0m
[0m[[0m[31merror[0m] [0m[0m	at akka.actor.ActorSystem$.apply(ActorSystem.scala:272)[0m
[0m[[0m[31merror[0m] [0m[0m	at akka.actor.ActorSystem$.apply(ActorSystem.scala:316)[0m
[0m[[0m[31merror[0m] [0m[0m	at akka.actor.ActorSystem$.apply(ActorSystem.scala:290)[0m
[0m[[0m[31merror[0m] [0m[0m	at play.core.server.DevServerStart$.$anonfun$mainDev$1(DevServerStart.scala:291)[0m
[0m[[0m[31merror[0m] [0m[0m	at play.utils.Threads$.withContextClassLoader(Threads.scala:22)[0m
[0m[[0m[31merror[0m] [0m[0m	at play.core.server.DevServerStart$.mainDev(DevServerStart.scala:76)[0m
[0m[[0m[31merror[0m] [0m[0m	at play.core.server.DevServerStart$.mainDevHttpMode(DevServerStart.scala:50)[0m
[0m[[0m[31merror[0m] [0m[0m	at play.core.server.DevServerStart.mainDevHttpMode(DevServerStart.scala)[0m
[0m[[0m[31merror[0m] [0m[0m	at sun.reflect.NativeMethodAccessorImpl.invoke0(Native Method)[0m
[0m[[0m[31merror[0m] [0m[0m	at sun.reflect.NativeMethodAccessorImpl.invoke(NativeMethodAccessorImpl.java:62)[0m
[0m[[0m[31merror[0m] [0m[0m	at sun.reflect.DelegatingMethodAccessorImpl.invoke(DelegatingMethodAccessorImpl.java:43)[0m
[0m[[0m[31merror[0m] [0m[0m	at java.lang.reflect.Method.invoke(Method.java:498)[0m
[0m[[0m[31merror[0m] [0m[0m	at play.runsupport.Reloader$.startDevMode(Reloader.scala:306)[0m
[0m[[0m[31merror[0m] [0m[0m	at play.sbt.run.PlayRun$.devModeServer$lzycompute$1(PlayRun.scala:100)[0m
[0m[[0m[31merror[0m] [0m[0m	at play.sbt.run.PlayRun$.devModeServer$1(PlayRun.scala:83)[0m
[0m[[0m[31merror[0m] [0m[0m	at play.sbt.run.PlayRun$.$anonfun$playRunTask$3(PlayRun.scala:107)[0m
[0m[[0m[31merror[0m] [0m[0m	at play.sbt.run.PlayRun$.$anonfun$playRunTask$3$adapted(PlayRun.scala:67)[0m
[0m[[0m[31merror[0m] [0m[0m	at scala.Function1.$anonfun$compose$1(Function1.scala:49)[0m
[0m[[0m[31merror[0m] [0m[0m	at sbt.internal.util.$tilde$greater.$anonfun$$u2219$1(TypeFunctions.scala:62)[0m
[0m[[0m[31merror[0m] [0m[0m	at sbt.std.Transform$$anon$4.work(Transform.scala:68)[0m
[0m[[0m[31merror[0m] [0m[0m	at sbt.Execute.$anonfun$submit$2(Execute.scala:282)[0m
[0m[[0m[31merror[0m] [0m[0m	at sbt.internal.util.ErrorHandling$.wideConvert(ErrorHandling.scala:23)[0m
[0m[[0m[31merror[0m] [0m[0m	at sbt.Execute.work(Execute.scala:291)[0m
[0m[[0m[31merror[0m] [0m[0m	at sbt.Execute.$anonfun$submit$1(Execute.scala:282)[0m
[0m[[0m[31merror[0m] [0m[0m	at sbt.ConcurrentRestrictions$$anon$4.$anonfun$submitValid$1(ConcurrentRestrictions.scala:265)[0m
[0m[[0m[31merror[0m] [0m[0m	at sbt.CompletionService$$anon$2.call(CompletionService.scala:64)[0m
[0m[[0m[31merror[0m] [0m[0m	at java.util.concurrent.FutureTask.run(FutureTask.java:266)[0m
[0m[[0m[31merror[0m] [0m[0m	at java.util.concurrent.Executors$RunnableAdapter.call(Executors.java:511)[0m
[0m[[0m[31merror[0m] [0m[0m	at java.util.concurrent.FutureTask.run(FutureTask.java:266)[0m
[0m[[0m[31merror[0m] [0m[0m	at java.util.concurrent.ThreadPoolExecutor.runWorker(ThreadPoolExecutor.java:1149)[0m
[0m[[0m[31merror[0m] [0m[0m	at java.util.concurrent.ThreadPoolExecutor$Worker.run(ThreadPoolExecutor.java:624)[0m
[0m[[0m[31merror[0m] [0m[0m	at java.lang.Thread.run(Thread.java:748)[0m
[0m[[0m[31merror[0m] [0m[0m(Compile / [31mrun[0m) java.lang.reflect.InvocationTargetException[0m
[0m[[0m[31merror[0m] [0m[0mTotal time: 2 s, completed 13 Jun, 2023 6:18:22 PM[0m
[0m[[0m[0mdebug[0m] [0m[0m> Exec(idea-shell, None, None)[0m
